[debug] [2024-03-18T06:49:49.347Z] ----------------------------------------------------------------------
[debug] [2024-03-18T06:49:49.356Z] Command:       C:\Program Files\nodejs\node.exe C:\Users\mobassera naaz\AppData\Roaming\npm\node_modules\firebase-tools\lib\bin\firebase.js use --add
[debug] [2024-03-18T06:49:49.357Z] CLI Version:   13.5.1
[debug] [2024-03-18T06:49:49.358Z] Platform:      win32
[debug] [2024-03-18T06:49:49.358Z] Node Version:  v20.11.1
[debug] [2024-03-18T06:49:49.359Z] Time:          Mon Mar 18 2024 12:19:49 GMT+0530 (India Standard Time)
[debug] [2024-03-18T06:49:49.359Z] ----------------------------------------------------------------------
[debug] 
[warn] !  JSON error trying to load C:\Users\mobassera naaz\dashboard-app\.firebaserc 
[debug] [2024-03-18T06:49:49.552Z] > command requires scopes: ["email","openid","https://www.googleapis.com/auth/cloudplatformprojects.readonly","https://www.googleapis.com/auth/firebase","https://www.googleapis.com/auth/cloud-platform"]
[debug] [2024-03-18T06:49:49.553Z] > authorizing via signed-in user (mobasseran@gmail.com)
[debug] [2024-03-18T06:49:49.556Z] > refreshing access token with scopes: []
[debug] [2024-03-18T06:49:49.558Z] >>> [apiv2][query] POST https://www.googleapis.com/oauth2/v3/token [none]
[debug] [2024-03-18T06:49:49.558Z] >>> [apiv2][body] POST https://www.googleapis.com/oauth2/v3/token [omitted]
[debug] [2024-03-18T06:49:50.160Z] <<< [apiv2][status] POST https://www.googleapis.com/oauth2/v3/token 400
[debug] [2024-03-18T06:49:50.161Z] <<< [apiv2][body] POST https://www.googleapis.com/oauth2/v3/token [omitted]
[debug] [2024-03-18T06:49:50.164Z] >>> [apiv2][query] GET https://firebase.googleapis.com/v1beta1/projects pageSize=1000
[debug] [2024-03-18T06:49:51.633Z] <<< [apiv2][status] GET https://firebase.googleapis.com/v1beta1/projects 401
[debug] [2024-03-18T06:49:51.634Z] <<< [apiv2][body] GET https://firebase.googleapis.com/v1beta1/projects [omitted]
[debug] [2024-03-18T06:49:51.637Z] HTTP Error: 401, Request had invalid authentication credentials. Expected OAuth 2 access token, login cookie or other valid authentication credential. See https://developers.google.com/identity/sign-in/web/devconsole-project.
[debug] [2024-03-18T06:49:51.782Z] FirebaseError: HTTP Error: 401, Request had invalid authentication credentials. Expected OAuth 2 access token, login cookie or other valid authentication credential. See https://developers.google.com/identity/sign-in/web/devconsole-project.
    at responseToError (C:\Users\mobassera naaz\AppData\Roaming\npm\node_modules\firebase-tools\lib\responseToError.js:49:12)
    at RetryOperation._fn (C:\Users\mobassera naaz\AppData\Roaming\npm\node_modules\firebase-tools\lib\apiv2.js:297:77)
    at process.processTicksAndRejections (node:internal/process/task_queues:95:5)
[error] 
[error] Error: Failed to list Firebase projects. See firebase-debug.log for more info.
[debug] [2024-03-18T06:50:21.888Z] ----------------------------------------------------------------------
[debug] [2024-03-18T06:50:21.892Z] Command:       C:\Program Files\nodejs\node.exe C:\Users\mobassera naaz\AppData\Roaming\npm\node_modules\firebase-tools\lib\bin\firebase.js deploy --project dashboard-app-3aec2
[debug] [2024-03-18T06:50:21.892Z] CLI Version:   13.5.1
[debug] [2024-03-18T06:50:21.893Z] Platform:      win32
[debug] [2024-03-18T06:50:21.893Z] Node Version:  v20.11.1
[debug] [2024-03-18T06:50:21.893Z] Time:          Mon Mar 18 2024 12:20:21 GMT+0530 (India Standard Time)
[debug] [2024-03-18T06:50:21.893Z] ----------------------------------------------------------------------
[debug] 
[warn] !  JSON error trying to load C:\Users\mobassera naaz\dashboard-app\.firebaserc 
[debug] [2024-03-18T06:50:22.024Z] > command requires scopes: ["email","openid","https://www.googleapis.com/auth/cloudplatformprojects.readonly","https://www.googleapis.com/auth/firebase","https://www.googleapis.com/auth/cloud-platform"]
[debug] [2024-03-18T06:50:22.025Z] > authorizing via signed-in user (mobasseran@gmail.com)
[debug] [2024-03-18T06:50:22.025Z] [iam] checking project dashboard-app-3aec2 for permissions ["firebase.projects.get","firebasehosting.sites.update"]
[debug] [2024-03-18T06:50:22.028Z] > refreshing access token with scopes: []
[debug] [2024-03-18T06:50:22.031Z] >>> [apiv2][query] POST https://www.googleapis.com/oauth2/v3/token [none]
[debug] [2024-03-18T06:50:22.032Z] >>> [apiv2][body] POST https://www.googleapis.com/oauth2/v3/token [omitted]
[debug] [2024-03-18T06:50:22.867Z] <<< [apiv2][status] POST https://www.googleapis.com/oauth2/v3/token 400
[debug] [2024-03-18T06:50:22.867Z] <<< [apiv2][body] POST https://www.googleapis.com/oauth2/v3/token [omitted]
[debug] [2024-03-18T06:50:22.868Z] >>> [apiv2][query] POST https://cloudresourcemanager.googleapis.com/v1/projects/dashboard-app-3aec2:testIamPermissions [none]
[debug] [2024-03-18T06:50:22.868Z] >>> [apiv2][(partial)header] POST https://cloudresourcemanager.googleapis.com/v1/projects/dashboard-app-3aec2:testIamPermissions x-goog-quota-user=projects/dashboard-app-3aec2
[debug] [2024-03-18T06:50:22.869Z] >>> [apiv2][body] POST https://cloudresourcemanager.googleapis.com/v1/projects/dashboard-app-3aec2:testIamPermissions {"permissions":["firebase.projects.get","firebasehosting.sites.update"]}
[debug] [2024-03-18T06:50:24.690Z] <<< [apiv2][status] POST https://cloudresourcemanager.googleapis.com/v1/projects/dashboard-app-3aec2:testIamPermissions 401
[debug] [2024-03-18T06:50:24.690Z] <<< [apiv2][body] POST https://cloudresourcemanager.googleapis.com/v1/projects/dashboard-app-3aec2:testIamPermissions {"error":{"code":401,"message":"Request had invalid authentication credentials. Expected OAuth 2 access token, login cookie or other valid authentication credential. See https://developers.google.com/identity/sign-in/web/devconsole-project.","status":"UNAUTHENTICATED","details":[{"@type":"type.googleapis.com/google.rpc.ErrorInfo","reason":"ACCESS_TOKEN_TYPE_UNSUPPORTED","metadata":{"method":"google.cloudresourcemanager.v1.Projects.TestIamPermissions","service":"cloudresourcemanager.googleapis.com"}}]}}
[debug] [2024-03-18T06:50:24.693Z] [iam] error while checking permissions, command may fail: FirebaseError: HTTP Error: 401, Request had invalid authentication credentials. Expected OAuth 2 access token, login cookie or other valid authentication credential. See https://developers.google.com/identity/sign-in/web/devconsole-project.
[debug] [2024-03-18T06:50:24.694Z] > refreshing access token with scopes: []
[debug] [2024-03-18T06:50:24.695Z] >>> [apiv2][query] POST https://www.googleapis.com/oauth2/v3/token [none]
[debug] [2024-03-18T06:50:24.695Z] >>> [apiv2][body] POST https://www.googleapis.com/oauth2/v3/token [omitted]
[debug] [2024-03-18T06:50:24.832Z] <<< [apiv2][status] POST https://www.googleapis.com/oauth2/v3/token 400
[debug] [2024-03-18T06:50:24.833Z] <<< [apiv2][body] POST https://www.googleapis.com/oauth2/v3/token [omitted]
[debug] [2024-03-18T06:50:24.834Z] >>> [apiv2][query] GET https://firebase.googleapis.com/v1beta1/projects/dashboard-app-3aec2 [none]
[debug] [2024-03-18T06:50:25.702Z] <<< [apiv2][status] GET https://firebase.googleapis.com/v1beta1/projects/dashboard-app-3aec2 401
[debug] [2024-03-18T06:50:25.702Z] <<< [apiv2][body] GET https://firebase.googleapis.com/v1beta1/projects/dashboard-app-3aec2 {"error":{"code":401,"message":"Request had invalid authentication credentials. Expected OAuth 2 access token, login cookie or other valid authentication credential. See https://developers.google.com/identity/sign-in/web/devconsole-project.","status":"UNAUTHENTICATED"}}
[debug] [2024-03-18T06:50:25.702Z] HTTP Error: 401, Request had invalid authentication credentials. Expected OAuth 2 access token, login cookie or other valid authentication credential. See https://developers.google.com/identity/sign-in/web/devconsole-project.
[error] 
[error] Error: Assertion failed: resolving hosting target of a site with no site name or target name. This should have caused an error earlier
